<?xml version="1.0" encoding="UTF-8"?>
<!-- Generated by org.testng.reporters.JUnitXMLReporter -->
<testsuite hostname="LAPTOP-CTRLAISOFTWARE" ignored="0" name="Test" tests="4" failures="0" timestamp="2022-08-28T10:56:47 IST" time="0.237" errors="0">
  <testcase name="testAdditon" time="0.01" classname="pkg_mavenTestNg.Calculator_testNg"/>
  <testcase name="testDivistion" time="0.001" classname="pkg_mavenTestNg.Calculator_testNg"/>
  <testcase name="testMultiplicaiton" time="0.0" classname="pkg_mavenTestNg.Calculator_testNg"/>
  <testcase name="testSubstraction" time="0.001" classname="pkg_mavenTestNg.Calculator_testNg"/>
</testsuite> <!-- Test -->
