<?xml version="1.0" encoding="UTF-8"?>
<testng-results skipped="0" failed="0" ignored="0" total="4" passed="4">
  <reporter-output>
    <line>
      <![CDATA[Checking Addiotn funcaitonality]]>
    </line>
    <line>
      <![CDATA[Checking Division funcaitonality]]>
    </line>
    <line>
      <![CDATA[Checking Mutliplication funcaitonality]]>
    </line>
    <line>
      <![CDATA[Checking Substrarciton funcaitonality]]>
    </line>
  </reporter-output>
  <suite name="Suite" duration-ms="237" started-at="2022-08-28T10:56:46 IST" finished-at="2022-08-28T10:56:47 IST">
    <groups>
    </groups>
    <test name="Test" duration-ms="237" started-at="2022-08-28T10:56:46 IST" finished-at="2022-08-28T10:56:47 IST">
      <class name="pkg_mavenTestNg.Calculator_testNg">
        <test-method status="PASS" signature="setUp()[pri:0, instance:pkg_mavenTestNg.Calculator_testNg@31610302]" name="setUp" is-config="true" duration-ms="41" started-at="2022-08-28T10:56:47 IST" finished-at="2022-08-28T10:56:47 IST">
          <reporter-output>
          </reporter-output>
        </test-method> <!-- setUp -->
        <test-method status="PASS" signature="testAdditon()[pri:0, instance:pkg_mavenTestNg.Calculator_testNg@31610302]" name="testAdditon" duration-ms="10" started-at="2022-08-28T10:56:47 IST" finished-at="2022-08-28T10:56:47 IST">
          <reporter-output>
            <line>
              <![CDATA[Checking Addiotn funcaitonality]]>
            </line>
          </reporter-output>
        </test-method> <!-- testAdditon -->
        <test-method status="PASS" signature="testDivistion()[pri:0, instance:pkg_mavenTestNg.Calculator_testNg@31610302]" name="testDivistion" duration-ms="1" started-at="2022-08-28T10:56:47 IST" finished-at="2022-08-28T10:56:47 IST">
          <reporter-output>
            <line>
              <![CDATA[Checking Division funcaitonality]]>
            </line>
          </reporter-output>
        </test-method> <!-- testDivistion -->
        <test-method status="PASS" signature="testMultiplicaiton()[pri:0, instance:pkg_mavenTestNg.Calculator_testNg@31610302]" name="testMultiplicaiton" duration-ms="0" started-at="2022-08-28T10:56:47 IST" finished-at="2022-08-28T10:56:47 IST">
          <reporter-output>
            <line>
              <![CDATA[Checking Mutliplication funcaitonality]]>
            </line>
          </reporter-output>
        </test-method> <!-- testMultiplicaiton -->
        <test-method status="PASS" signature="testSubstraction()[pri:0, instance:pkg_mavenTestNg.Calculator_testNg@31610302]" name="testSubstraction" duration-ms="1" started-at="2022-08-28T10:56:47 IST" finished-at="2022-08-28T10:56:47 IST">
          <reporter-output>
            <line>
              <![CDATA[Checking Substrarciton funcaitonality]]>
            </line>
          </reporter-output>
        </test-method> <!-- testSubstraction -->
        <test-method status="PASS" signature="tearDown()[pri:0, instance:pkg_mavenTestNg.Calculator_testNg@31610302]" name="tearDown" is-config="true" duration-ms="1" started-at="2022-08-28T10:56:47 IST" finished-at="2022-08-28T10:56:47 IST">
          <reporter-output>
          </reporter-output>
        </test-method> <!-- tearDown -->
      </class> <!-- pkg_mavenTestNg.Calculator_testNg -->
    </test> <!-- Test -->
  </suite> <!-- Suite -->
</testng-results>
